[debug] [2022-06-27T07:46:08.458Z] ----------------------------------------------------------------------
[debug] [2022-06-27T07:46:08.461Z] Command:       C:\Program Files\nodejs\node.exe C:\Users\Admin\AppData\Roaming\npm\node_modules\firebase-tools\lib\bin\firebase.js deploy
[debug] [2022-06-27T07:46:08.462Z] CLI Version:   11.1.0
[debug] [2022-06-27T07:46:08.462Z] Platform:      win32
[debug] [2022-06-27T07:46:08.462Z] Node Version:  v16.13.1
[debug] [2022-06-27T07:46:08.464Z] Time:          Mon Jun 27 2022 14:46:08 GMT+0700 (Indochina Time)
[debug] [2022-06-27T07:46:08.464Z] ----------------------------------------------------------------------
[debug] 
[debug] [2022-06-27T07:46:08.559Z] > command requires scopes: ["email","openid","https://www.googleapis.com/auth/cloudplatformprojects.readonly","https://www.googleapis.com/auth/firebase","https://www.googleapis.com/auth/cloud-platform"]
[debug] [2022-06-27T07:46:08.560Z] > authorizing via signed-in user (thdanh2001@gmail.com)
[debug] [2022-06-27T07:46:08.560Z] [iam] checking project donpeppe-clone for permissions ["firebase.projects.get","firebasehosting.sites.update"]
[debug] [2022-06-27T07:46:08.563Z] >>> [apiv2][query] POST https://cloudresourcemanager.googleapis.com/v1/projects/donpeppe-clone:testIamPermissions [none]
[debug] [2022-06-27T07:46:08.563Z] >>> [apiv2][body] POST https://cloudresourcemanager.googleapis.com/v1/projects/donpeppe-clone:testIamPermissions {"permissions":["firebase.projects.get","firebasehosting.sites.update"]}
[debug] [2022-06-27T07:46:09.613Z] <<< [apiv2][status] POST https://cloudresourcemanager.googleapis.com/v1/projects/donpeppe-clone:testIamPermissions 200
[debug] [2022-06-27T07:46:09.613Z] <<< [apiv2][body] POST https://cloudresourcemanager.googleapis.com/v1/projects/donpeppe-clone:testIamPermissions {"permissions":["firebase.projects.get","firebasehosting.sites.update"]}
[debug] [2022-06-27T07:46:09.614Z] >>> [apiv2][query] GET https://firebase.googleapis.com/v1beta1/projects/donpeppe-clone [none]
[debug] [2022-06-27T07:46:09.992Z] <<< [apiv2][status] GET https://firebase.googleapis.com/v1beta1/projects/donpeppe-clone 200
[debug] [2022-06-27T07:46:09.992Z] <<< [apiv2][body] GET https://firebase.googleapis.com/v1beta1/projects/donpeppe-clone {"projectId":"donpeppe-clone","projectNumber":"551974472291","displayName":"DonPeppe-Clone","name":"projects/donpeppe-clone","resources":{"hostingSite":"donpeppe-clone"},"state":"DELETED"}
[info] 
[info] === Deploying to 'donpeppe-clone'...
[info] 
[info] i  deploying hosting 
[debug] [2022-06-27T07:46:10.001Z] >>> [apiv2][query] GET https://firebase.googleapis.com/v1beta1/projects/donpeppe-clone [none]
[debug] [2022-06-27T07:46:10.356Z] <<< [apiv2][status] GET https://firebase.googleapis.com/v1beta1/projects/donpeppe-clone 200
[debug] [2022-06-27T07:46:10.357Z] <<< [apiv2][body] GET https://firebase.googleapis.com/v1beta1/projects/donpeppe-clone {"projectId":"donpeppe-clone","projectNumber":"551974472291","displayName":"DonPeppe-Clone","name":"projects/donpeppe-clone","resources":{"hostingSite":"donpeppe-clone"},"state":"DELETED"}
[debug] [2022-06-27T07:46:10.361Z] >>> [apiv2][query] POST https://firebasehosting.googleapis.com/v1beta1/projects/551974472291/sites/donpeppe-clone/versions [none]
[debug] [2022-06-27T07:46:10.362Z] >>> [apiv2][body] POST https://firebasehosting.googleapis.com/v1beta1/projects/551974472291/sites/donpeppe-clone/versions {"config":{},"labels":{"deployment-tool":"cli-firebase"}}
[debug] [2022-06-27T07:46:11.734Z] <<< [apiv2][status] POST https://firebasehosting.googleapis.com/v1beta1/projects/551974472291/sites/donpeppe-clone/versions 500
[debug] [2022-06-27T07:46:11.734Z] <<< [apiv2][body] POST https://firebasehosting.googleapis.com/v1beta1/projects/551974472291/sites/donpeppe-clone/versions {"error":{"code":500,"message":"Internal error encountered.","status":"INTERNAL"}}
[error] 
[error] Error: HTTP Error: 500, Internal error encountered.
[debug] [2022-06-27T07:46:11.928Z] Error Context: {
  "body": {
    "error": {
      "code": 500,
      "message": "Internal error encountered.",
      "status": "INTERNAL"
    }
  },
  "response": {
    "statusCode": 500
  }
}
[debug] [2022-06-27T07:47:09.083Z] ----------------------------------------------------------------------
[debug] [2022-06-27T07:47:09.086Z] Command:       C:\Program Files\nodejs\node.exe C:\Users\Admin\AppData\Roaming\npm\node_modules\firebase-tools\lib\bin\firebase.js deploy
[debug] [2022-06-27T07:47:09.087Z] CLI Version:   11.1.0
[debug] [2022-06-27T07:47:09.087Z] Platform:      win32
[debug] [2022-06-27T07:47:09.087Z] Node Version:  v16.13.1
[debug] [2022-06-27T07:47:09.088Z] Time:          Mon Jun 27 2022 14:47:09 GMT+0700 (Indochina Time)
[debug] [2022-06-27T07:47:09.089Z] ----------------------------------------------------------------------
[debug] 
[debug] [2022-06-27T07:47:09.403Z] > command requires scopes: ["email","openid","https://www.googleapis.com/auth/cloudplatformprojects.readonly","https://www.googleapis.com/auth/firebase","https://www.googleapis.com/auth/cloud-platform"]
[debug] [2022-06-27T07:47:09.405Z] > authorizing via signed-in user (thdanh2001@gmail.com)
[debug] [2022-06-27T07:47:09.405Z] [iam] checking project donpeppe-clone for permissions ["firebase.projects.get","firebasehosting.sites.update"]
[debug] [2022-06-27T07:47:09.411Z] >>> [apiv2][query] POST https://cloudresourcemanager.googleapis.com/v1/projects/donpeppe-clone:testIamPermissions [none]
[debug] [2022-06-27T07:47:09.412Z] >>> [apiv2][body] POST https://cloudresourcemanager.googleapis.com/v1/projects/donpeppe-clone:testIamPermissions {"permissions":["firebase.projects.get","firebasehosting.sites.update"]}
[debug] [2022-06-27T07:47:10.501Z] <<< [apiv2][status] POST https://cloudresourcemanager.googleapis.com/v1/projects/donpeppe-clone:testIamPermissions 200
[debug] [2022-06-27T07:47:10.501Z] <<< [apiv2][body] POST https://cloudresourcemanager.googleapis.com/v1/projects/donpeppe-clone:testIamPermissions {"permissions":["firebase.projects.get","firebasehosting.sites.update"]}
[debug] [2022-06-27T07:47:10.504Z] >>> [apiv2][query] GET https://firebase.googleapis.com/v1beta1/projects/donpeppe-clone [none]
[debug] [2022-06-27T07:47:10.966Z] <<< [apiv2][status] GET https://firebase.googleapis.com/v1beta1/projects/donpeppe-clone 200
[debug] [2022-06-27T07:47:10.966Z] <<< [apiv2][body] GET https://firebase.googleapis.com/v1beta1/projects/donpeppe-clone {"projectId":"donpeppe-clone","projectNumber":"551974472291","displayName":"DonPeppe-Clone","name":"projects/donpeppe-clone","resources":{"hostingSite":"donpeppe-clone"},"state":"DELETED"}
[info] 
[info] === Deploying to 'donpeppe-clone'...
[info] 
[info] i  deploying hosting 
[debug] [2022-06-27T07:47:10.972Z] >>> [apiv2][query] GET https://firebase.googleapis.com/v1beta1/projects/donpeppe-clone [none]
[debug] [2022-06-27T07:47:11.328Z] <<< [apiv2][status] GET https://firebase.googleapis.com/v1beta1/projects/donpeppe-clone 200
[debug] [2022-06-27T07:47:11.329Z] <<< [apiv2][body] GET https://firebase.googleapis.com/v1beta1/projects/donpeppe-clone {"projectId":"donpeppe-clone","projectNumber":"551974472291","displayName":"DonPeppe-Clone","name":"projects/donpeppe-clone","resources":{"hostingSite":"donpeppe-clone"},"state":"DELETED"}
[debug] [2022-06-27T07:47:11.331Z] >>> [apiv2][query] POST https://firebasehosting.googleapis.com/v1beta1/projects/551974472291/sites/donpeppe-clone/versions [none]
[debug] [2022-06-27T07:47:11.331Z] >>> [apiv2][body] POST https://firebasehosting.googleapis.com/v1beta1/projects/551974472291/sites/donpeppe-clone/versions {"config":{},"labels":{"deployment-tool":"cli-firebase"}}
[debug] [2022-06-27T07:47:12.697Z] <<< [apiv2][status] POST https://firebasehosting.googleapis.com/v1beta1/projects/551974472291/sites/donpeppe-clone/versions 500
[debug] [2022-06-27T07:47:12.697Z] <<< [apiv2][body] POST https://firebasehosting.googleapis.com/v1beta1/projects/551974472291/sites/donpeppe-clone/versions {"error":{"code":500,"message":"Internal error encountered.","status":"INTERNAL"}}
[error] 
[error] Error: HTTP Error: 500, Internal error encountered.
[debug] [2022-06-27T07:47:12.916Z] Error Context: {
  "body": {
    "error": {
      "code": 500,
      "message": "Internal error encountered.",
      "status": "INTERNAL"
    }
  },
  "response": {
    "statusCode": 500
  }
}
